[2m3:04:48 AM[22m [31m[1m[vite][22m[39m [31mInternal server error: Failed to resolve import "../pages/AdminSectionPage" from "src/routes/DashboardSubroute.jsx". Does the file exist?[39m
  Plugin: [35mvite:import-analysis[39m
  File: [36mC:/Users/Admin/Downloads/horse-racing-system/horse-racing-system/horse-racing-system/equix-frontend/src/routes/DashboardSubroute.jsx[39m:3:29
[33m  1  |  import { useParams } from "react-router-dom";
  2  |  import { useAuth } from "../contexts/useAuth";
  3  |  import AdminSectionPage from "../pages/AdminSectionPage";
     |                                ^
  4  |  import DashboardPage from "../pages/DashboardPage";
  5  |  var _jsxFileName = "C:/Users/Admin/Downloads/horse-racing-system/horse-racing-system/horse-racing-system/equix-fronte...[39m
      at TransformPluginContext._formatLog (file:///C:/Users/Admin/Downloads/horse-racing-system/horse-racing-system/horse-racing-system/equix-frontend/node_modules/vite/dist/node/chunks/node.js:30602:39)
      at TransformPluginContext.error (file:///C:/Users/Admin/Downloads/horse-racing-system/horse-racing-system/horse-racing-system/equix-frontend/node_modules/vite/dist/node/chunks/node.js:30599:14)
      at normalizeUrl (file:///C:/Users/Admin/Downloads/horse-racing-system/horse-racing-system/horse-racing-system/equix-frontend/node_modules/vite/dist/node/chunks/node.js:27842:18)
      at async file:///C:/Users/Admin/Downloads/horse-racing-system/horse-racing-system/horse-racing-system/equix-frontend/node_modules/vite/dist/node/chunks/node.js:27905:30
      at async Promise.all (index 2)
      at async TransformPluginContext.transform (file:///C:/Users/Admin/Downloads/horse-racing-system/horse-racing-system/horse-racing-system/equix-frontend/node_modules/vite/dist/node/chunks/node.js:27873:4)
      at async EnvironmentPluginContainer.transform (file:///C:/Users/Admin/Downloads/horse-racing-system/horse-racing-system/horse-racing-system/equix-frontend/node_modules/vite/dist/node/chunks/node.js:30387:14)
      at async loadAndTransform (file:///C:/Users/Admin/Downloads/horse-racing-system/horse-racing-system/horse-racing-system/equix-frontend/node_modules/vite/dist/node/chunks/node.js:24646:26)
[2m3:04:48 AM[22m [31m[1m[vite][22m[39m [31mInternal server error: Failed to resolve import "../pages/AdminSectionPage" from "src/routes/DashboardSubroute.jsx". Does the file exist?[39m
  Plugin: [35mvite:import-analysis[39m
  File: [36mC:/Users/Admin/Downloads/horse-racing-system/horse-racing-system/horse-racing-system/equix-frontend/src/routes/DashboardSubroute.jsx[39m:3:29
[33m  1  |  import { useParams } from "react-router-dom";
  2  |  import { useAuth } from "../contexts/useAuth";
  3  |  import AdminSectionPage from "../pages/AdminSectionPage";
     |                                ^
  4  |  import DashboardPage from "../pages/DashboardPage";
  5  |  var _jsxFileName = "C:/Users/Admin/Downloads/horse-racing-system/horse-racing-system/horse-racing-system/equix-fronte...[39m
      at TransformPluginContext._formatLog (file:///C:/Users/Admin/Downloads/horse-racing-system/horse-racing-system/horse-racing-system/equix-frontend/node_modules/vite/dist/node/chunks/node.js:30602:39)
      at TransformPluginContext.error (file:///C:/Users/Admin/Downloads/horse-racing-system/horse-racing-system/horse-racing-system/equix-frontend/node_modules/vite/dist/node/chunks/node.js:30599:14)
      at normalizeUrl (file:///C:/Users/Admin/Downloads/horse-racing-system/horse-racing-system/horse-racing-system/equix-frontend/node_modules/vite/dist/node/chunks/node.js:27842:18)
      at async file:///C:/Users/Admin/Downloads/horse-racing-system/horse-racing-system/horse-racing-system/equix-frontend/node_modules/vite/dist/node/chunks/node.js:27905:30
      at async Promise.all (index 2)
      at async TransformPluginContext.transform (file:///C:/Users/Admin/Downloads/horse-racing-system/horse-racing-system/horse-racing-system/equix-frontend/node_modules/vite/dist/node/chunks/node.js:27873:4)
      at async EnvironmentPluginContainer.transform (file:///C:/Users/Admin/Downloads/horse-racing-system/horse-racing-system/horse-racing-system/equix-frontend/node_modules/vite/dist/node/chunks/node.js:30387:14)
      at async loadAndTransform (file:///C:/Users/Admin/Downloads/horse-racing-system/horse-racing-system/horse-racing-system/equix-frontend/node_modules/vite/dist/node/chunks/node.js:24646:26)
[2m3:04:48 AM[22m [31m[1m[vite][22m[39m [31m[2m(client)[22m[39m Pre-transform error: Failed to resolve import "../pages/AdminSectionPage" from "src/routes/DashboardSubroute.jsx". Does the file exist?
  Plugin: [35mvite:import-analysis[39m
  File: [36mC:/Users/Admin/Downloads/horse-racing-system/horse-racing-system/horse-racing-system/equix-frontend/src/routes/DashboardSubroute.jsx[39m:3:29
[33m  1  |  import { useParams } from "react-router-dom";
  2  |  import { useAuth } from "../contexts/useAuth";
  3  |  import AdminSectionPage from "../pages/AdminSectionPage";
     |                                ^
  4  |  import DashboardPage from "../pages/DashboardPage";
  5  |  var _jsxFileName = "C:/Users/Admin/Downloads/horse-racing-system/horse-racing-system/horse-racing-system/equix-fronte...[39m
[2m3:04:48 AM[22m [31m[1m[vite][22m[39m [31m[2m(client)[22m[39m Pre-transform error: Failed to resolve import "../pages/AdminSectionPage" from "src/routes/DashboardSubroute.jsx". Does the file exist?
  Plugin: [35mvite:import-analysis[39m
  File: [36mC:/Users/Admin/Downloads/horse-racing-system/horse-racing-system/horse-racing-system/equix-frontend/src/routes/DashboardSubroute.jsx[39m:3:29
[33m  1  |  import { useParams } from "react-router-dom";
  2  |  import { useAuth } from "../contexts/useAuth";
  3  |  import AdminSectionPage from "../pages/AdminSectionPage";
     |                                ^
  4  |  import DashboardPage from "../pages/DashboardPage";
  5  |  var _jsxFileName = "C:/Users/Admin/Downloads/horse-racing-system/horse-racing-system/horse-racing-system/equix-fronte...[39m
[2m3:04:48 AM[22m [31m[1m[vite][22m[39m [31m[2m(client)[22m[39m [2m[console.error] [22m[vite] Failed to reload /src/routes/AppRoutes.jsx. This could be due to syntax errors or importing non-existent modules. (see errors above)
[2m3:04:48 AM[22m [31m[1m[vite][22m[39m [31m[2m(client)[22m[39m [2m[console.error] [22m[vite] Failed to reload /src/routes/AppRoutes.jsx. This could be due to syntax errors or importing non-existent modules. (see errors above)
